<?xml version="1.0" encoding="UTF-8"?>
<!-- Generated by org.testng.reporters.JUnitXMLReporter -->
<testsuite ignored="0" hostname="LAPTOP-2630" failures="0" tests="4" name="Default test" time="13.302" errors="0" timestamp="2020-11-06T03:01:43 ART">
  <testcase classname="Pruebas.Test_Laboratorio4_E2" name="crearCuentaInvalida" time="3.24"/>
  <testcase classname="Pruebas.Test_Laboratorio4_E2" name="crearCuentaInvalida" time="3.075"/>
  <testcase classname="Pruebas.Test_Laboratorio4_E2" name="crearCuentaInvalida" time="3.037"/>
  <testcase classname="Pruebas.Test_Laboratorio4_E2" name="crearCuentaInvalida" time="3.025"/>
</testsuite> <!-- Default test -->
